*** Using Compiler 'V5.06 update 7 (build 960)', folder: 'D:\MDK5.36\ARM\ARMCC\Bin'
Rebuild target 'flydiansai'
assembling startup_stm32f103xe.s...
compiling stm32f1xx_hal_msp.c...
compiling stm32f1xx_it.c...
compiling gpio.c...
compiling stm32f1xx_hal_timebase_tim.c...
compiling stm32f1xx_hal_gpio.c...
compiling usart.c...
compiling stm32f1xx_hal_rcc_ex.c...
compiling stm32f1xx_hal_gpio_ex.c...
compiling dma.c...
compiling stm32f1xx_hal.c...
compiling freertos.c...
compiling stm32f1xx_hal_rcc.c...
compiling main.c...
compiling stm32f1xx_hal_dma.c...
compiling croutine.c...
compiling list.c...
compiling stm32f1xx_hal_tim_ex.c...
compiling event_groups.c...
compiling timers.c...
compiling stream_buffer.c...
compiling queue.c...
compiling heap_4.c...
compiling lcd.c...
compiling tasks.c...
compiling port.c...
compiling cmsis_os.c...
compiling stm32f1xx_hal_tim.c...
compiling stm32f1xx_hal_cortex.c...
compiling stm32f1xx_hal_pwr.c...
compiling stm32f1xx_hal_flash.c...
compiling stm32f1xx_hal_exti.c...
compiling stm32f1xx_hal_flash_ex.c...
compiling system_stm32f1xx.c...
compiling myusart.c...
compiling anjian.c...
compiling stm32f1xx_hal_uart.c...
compiling lcd_task.c...
compiling send_task.c...
linking...
Program Size: Code=16640 RO-data=768 RW-data=196 ZI-data=23732  
FromELF: creating hex file...
"flydiansai\flydiansai.axf" - 0 Error(s), 0 Warning(s).
Build Time Elapsed:  00:00:06
